[debug] [2023-09-21T10:14:39.544Z] ----------------------------------------------------------------------
[debug] [2023-09-21T10:14:39.548Z] Command:       C:\Program Files\nodejs\node.exe C:\Users\rajgi\AppData\Roaming\npm\node_modules\firebase-tools\lib\bin\firebase.js init
[debug] [2023-09-21T10:14:39.549Z] CLI Version:   12.5.4
[debug] [2023-09-21T10:14:39.550Z] Platform:      win32
[debug] [2023-09-21T10:14:39.550Z] Node Version:  v18.14.2
[debug] [2023-09-21T10:14:39.552Z] Time:          Thu Sep 21 2023 15:44:39 GMT+0530 (India Standard Time)
[debug] [2023-09-21T10:14:39.553Z] ----------------------------------------------------------------------
[debug] 
[debug] [2023-09-21T10:14:39.561Z] >>> [apiv2][query] GET https://firebase-public.firebaseio.com/cli.json [none]
[debug] [2023-09-21T10:14:39.628Z] > command requires scopes: ["email","openid","https://www.googleapis.com/auth/cloudplatformprojects.readonly","https://www.googleapis.com/auth/firebase","https://www.googleapis.com/auth/cloud-platform"]
[debug] [2023-09-21T10:14:39.628Z] > authorizing via signed-in user (pooja27kumari11@gmail.com)
[info] 
     ######## #### ########  ######## ########     ###     ######  ########
     ##        ##  ##     ## ##       ##     ##  ##   ##  ##       ##
     ######    ##  ########  ######   ########  #########  ######  ######
     ##        ##  ##    ##  ##       ##     ## ##     ##       ## ##
     ##       #### ##     ## ######## ########  ##     ##  ######  ########

You're about to initialize a Firebase project in this directory:

  C:\Users\rajgi\OneDrive\Desktop\contact list_react\my-project

[debug] [2023-09-21T10:14:40.605Z] <<< [apiv2][status] GET https://firebase-public.firebaseio.com/cli.json 200
[debug] [2023-09-21T10:14:40.606Z] <<< [apiv2][body] GET https://firebase-public.firebaseio.com/cli.json {"cloudBuildErrorAfter":1594252800000,"cloudBuildWarnAfter":1590019200000,"defaultNode10After":1594252800000,"minVersion":"3.0.5","node8DeploysDisabledAfter":1613390400000,"node8RuntimeDisabledAfter":1615809600000,"node8WarnAfter":1600128000000}
